[0.501s] Invoking command in '/home/erisu/ros2_ws/src/mypkg': PYTHONPATH=/home/erisu/ros2_ws/src/mypkg/build/mypkg/prefix_override:/home/erisu/ros2_ws/src/mypkg/install/mypkg/lib/python3.8/site-packages:${PYTHONPATH} /usr/bin/python3 setup.py egg_info --egg-base build/mypkg build --build-base /home/erisu/ros2_ws/src/mypkg/build/mypkg/build install --record /home/erisu/ros2_ws/src/mypkg/build/mypkg/install.log --install-scripts $base/lib/mypkg --single-version-externally-managed
[0.607s] running egg_info
[0.608s] creating build/mypkg/mypkg.egg-info
[0.608s] writing build/mypkg/mypkg.egg-info/PKG-INFO
[0.608s] writing dependency_links to build/mypkg/mypkg.egg-info/dependency_links.txt
[0.608s] writing entry points to build/mypkg/mypkg.egg-info/entry_points.txt
[0.609s] writing requirements to build/mypkg/mypkg.egg-info/requires.txt
[0.609s] writing top-level names to build/mypkg/mypkg.egg-info/top_level.txt
[0.609s] writing manifest file 'build/mypkg/mypkg.egg-info/SOURCES.txt'
[0.627s] reading manifest file 'build/mypkg/mypkg.egg-info/SOURCES.txt'
[0.628s] writing manifest file 'build/mypkg/mypkg.egg-info/SOURCES.txt'
[0.628s] running build
[0.628s] running build_py
[0.628s] creating /home/erisu/ros2_ws/src/mypkg/build/mypkg/build
[0.628s] creating /home/erisu/ros2_ws/src/mypkg/build/mypkg/build/lib
[0.628s] creating /home/erisu/ros2_ws/src/mypkg/build/mypkg/build/lib/mypkg
[0.628s] copying mypkg/talker.py -> /home/erisu/ros2_ws/src/mypkg/build/mypkg/build/lib/mypkg
[0.628s] copying mypkg/listener.py -> /home/erisu/ros2_ws/src/mypkg/build/mypkg/build/lib/mypkg
[0.629s] copying mypkg/__init__.py -> /home/erisu/ros2_ws/src/mypkg/build/mypkg/build/lib/mypkg
[0.629s] running install
[0.629s] running install_lib
[0.630s] creating /home/erisu/ros2_ws/src/mypkg/install/mypkg/lib/python3.8/site-packages/mypkg
[0.630s] copying /home/erisu/ros2_ws/src/mypkg/build/mypkg/build/lib/mypkg/talker.py -> /home/erisu/ros2_ws/src/mypkg/install/mypkg/lib/python3.8/site-packages/mypkg
[0.630s] copying /home/erisu/ros2_ws/src/mypkg/build/mypkg/build/lib/mypkg/listener.py -> /home/erisu/ros2_ws/src/mypkg/install/mypkg/lib/python3.8/site-packages/mypkg
[0.630s] copying /home/erisu/ros2_ws/src/mypkg/build/mypkg/build/lib/mypkg/__init__.py -> /home/erisu/ros2_ws/src/mypkg/install/mypkg/lib/python3.8/site-packages/mypkg
[0.630s] byte-compiling /home/erisu/ros2_ws/src/mypkg/install/mypkg/lib/python3.8/site-packages/mypkg/talker.py to talker.cpython-38.pyc
[0.631s] byte-compiling /home/erisu/ros2_ws/src/mypkg/install/mypkg/lib/python3.8/site-packages/mypkg/listener.py to listener.cpython-38.pyc
[0.631s] byte-compiling /home/erisu/ros2_ws/src/mypkg/install/mypkg/lib/python3.8/site-packages/mypkg/__init__.py to __init__.cpython-38.pyc
[0.631s] running install_data
[0.631s] creating /home/erisu/ros2_ws/src/mypkg/install/mypkg/share/ament_index
[0.632s] creating /home/erisu/ros2_ws/src/mypkg/install/mypkg/share/ament_index/resource_index
[0.632s] creating /home/erisu/ros2_ws/src/mypkg/install/mypkg/share/ament_index/resource_index/packages
[0.632s] copying resource/mypkg -> /home/erisu/ros2_ws/src/mypkg/install/mypkg/share/ament_index/resource_index/packages
[0.632s] copying package.xml -> /home/erisu/ros2_ws/src/mypkg/install/mypkg/share/mypkg
[0.632s] copying launch/talk_listen.launch.py -> /home/erisu/ros2_ws/src/mypkg/install/mypkg/share/mypkg
[0.632s] running install_egg_info
[0.633s] Copying build/mypkg/mypkg.egg-info to /home/erisu/ros2_ws/src/mypkg/install/mypkg/lib/python3.8/site-packages/mypkg-0.0.0-py3.8.egg-info
[0.633s] running install_scripts
[0.644s] Installing listener script to /home/erisu/ros2_ws/src/mypkg/install/mypkg/lib/mypkg
[0.644s] Installing talker script to /home/erisu/ros2_ws/src/mypkg/install/mypkg/lib/mypkg
[0.645s] writing list of installed files to '/home/erisu/ros2_ws/src/mypkg/build/mypkg/install.log'
[0.658s] Invoked command in '/home/erisu/ros2_ws/src/mypkg' returned '0': PYTHONPATH=/home/erisu/ros2_ws/src/mypkg/build/mypkg/prefix_override:/home/erisu/ros2_ws/src/mypkg/install/mypkg/lib/python3.8/site-packages:${PYTHONPATH} /usr/bin/python3 setup.py egg_info --egg-base build/mypkg build --build-base /home/erisu/ros2_ws/src/mypkg/build/mypkg/build install --record /home/erisu/ros2_ws/src/mypkg/build/mypkg/install.log --install-scripts $base/lib/mypkg --single-version-externally-managed
