[0.882s] Invoking command in '/home/erisu/ros2_ws/src/mypkg': PYTHONPATH=/home/erisu/ros2_ws/src/mypkg/build/mypkg/prefix_override:/home/erisu/ros2_ws/src/mypkg/install/mypkg/lib/python3.8/site-packages:${PYTHONPATH} /usr/bin/python3 setup.py egg_info --egg-base build/mypkg build --build-base /home/erisu/ros2_ws/src/mypkg/build/mypkg/build install --record /home/erisu/ros2_ws/src/mypkg/build/mypkg/install.log --install-scripts $base/lib/mypkg --single-version-externally-managed
[1.060s] running egg_info
[1.060s] creating build/mypkg/mypkg.egg-info
[1.061s] writing build/mypkg/mypkg.egg-info/PKG-INFO
[1.061s] writing dependency_links to build/mypkg/mypkg.egg-info/dependency_links.txt
[1.061s] writing entry points to build/mypkg/mypkg.egg-info/entry_points.txt
[1.061s] writing requirements to build/mypkg/mypkg.egg-info/requires.txt
[1.061s] writing top-level names to build/mypkg/mypkg.egg-info/top_level.txt
[1.062s] writing manifest file 'build/mypkg/mypkg.egg-info/SOURCES.txt'
[1.093s] reading manifest file 'build/mypkg/mypkg.egg-info/SOURCES.txt'
[1.093s] writing manifest file 'build/mypkg/mypkg.egg-info/SOURCES.txt'
[1.093s] running build
[1.093s] running build_py
[1.094s] creating /home/erisu/ros2_ws/src/mypkg/build/mypkg/build
[1.094s] creating /home/erisu/ros2_ws/src/mypkg/build/mypkg/build/lib
[1.094s] creating /home/erisu/ros2_ws/src/mypkg/build/mypkg/build/lib/mypkg
[1.094s] copying mypkg/talker.py -> /home/erisu/ros2_ws/src/mypkg/build/mypkg/build/lib/mypkg
[1.094s] copying mypkg/listener.py -> /home/erisu/ros2_ws/src/mypkg/build/mypkg/build/lib/mypkg
[1.094s] copying mypkg/__init__.py -> /home/erisu/ros2_ws/src/mypkg/build/mypkg/build/lib/mypkg
[1.094s] running install
[1.095s] running install_lib
[1.097s] creating /home/erisu/ros2_ws/src/mypkg/install/mypkg/lib/python3.8/site-packages/mypkg
[1.097s] copying /home/erisu/ros2_ws/src/mypkg/build/mypkg/build/lib/mypkg/talker.py -> /home/erisu/ros2_ws/src/mypkg/install/mypkg/lib/python3.8/site-packages/mypkg
[1.098s] copying /home/erisu/ros2_ws/src/mypkg/build/mypkg/build/lib/mypkg/listener.py -> /home/erisu/ros2_ws/src/mypkg/install/mypkg/lib/python3.8/site-packages/mypkg
[1.098s] copying /home/erisu/ros2_ws/src/mypkg/build/mypkg/build/lib/mypkg/__init__.py -> /home/erisu/ros2_ws/src/mypkg/install/mypkg/lib/python3.8/site-packages/mypkg
[1.099s] byte-compiling /home/erisu/ros2_ws/src/mypkg/install/mypkg/lib/python3.8/site-packages/mypkg/talker.py to talker.cpython-38.pyc
[1.101s] byte-compiling /home/erisu/ros2_ws/src/mypkg/install/mypkg/lib/python3.8/site-packages/mypkg/listener.py to listener.cpython-38.pyc
[1.101s] byte-compiling /home/erisu/ros2_ws/src/mypkg/install/mypkg/lib/python3.8/site-packages/mypkg/__init__.py to __init__.cpython-38.pyc
[1.102s] running install_data
[1.102s] creating /home/erisu/ros2_ws/src/mypkg/install/mypkg/share/ament_index
[1.102s] creating /home/erisu/ros2_ws/src/mypkg/install/mypkg/share/ament_index/resource_index
[1.103s] creating /home/erisu/ros2_ws/src/mypkg/install/mypkg/share/ament_index/resource_index/packages
[1.103s] copying resource/mypkg -> /home/erisu/ros2_ws/src/mypkg/install/mypkg/share/ament_index/resource_index/packages
[1.103s] copying package.xml -> /home/erisu/ros2_ws/src/mypkg/install/mypkg/share/mypkg
[1.103s] copying launch/talk_listen.launch.py -> /home/erisu/ros2_ws/src/mypkg/install/mypkg/share/mypkg
[1.103s] running install_egg_info
[1.104s] Copying build/mypkg/mypkg.egg-info to /home/erisu/ros2_ws/src/mypkg/install/mypkg/lib/python3.8/site-packages/mypkg-0.0.0-py3.8.egg-info
[1.105s] running install_scripts
[1.123s] Installing listener script to /home/erisu/ros2_ws/src/mypkg/install/mypkg/lib/mypkg
[1.124s] Installing talker script to /home/erisu/ros2_ws/src/mypkg/install/mypkg/lib/mypkg
[1.124s] writing list of installed files to '/home/erisu/ros2_ws/src/mypkg/build/mypkg/install.log'
[1.144s] Invoked command in '/home/erisu/ros2_ws/src/mypkg' returned '0': PYTHONPATH=/home/erisu/ros2_ws/src/mypkg/build/mypkg/prefix_override:/home/erisu/ros2_ws/src/mypkg/install/mypkg/lib/python3.8/site-packages:${PYTHONPATH} /usr/bin/python3 setup.py egg_info --egg-base build/mypkg build --build-base /home/erisu/ros2_ws/src/mypkg/build/mypkg/build install --record /home/erisu/ros2_ws/src/mypkg/build/mypkg/install.log --install-scripts $base/lib/mypkg --single-version-externally-managed
