[0.496s] Invoking command in '/home/erisu/ros2_ws/src/mypkg': PYTHONPATH=/home/erisu/ros2_ws/src/mypkg/build/mypkg/prefix_override:/home/erisu/ros2_ws/src/mypkg/install/mypkg/lib/python3.8/site-packages:${PYTHONPATH} /usr/bin/python3 setup.py egg_info --egg-base build/mypkg build --build-base /home/erisu/ros2_ws/src/mypkg/build/mypkg/build install --record /home/erisu/ros2_ws/src/mypkg/build/mypkg/install.log --install-scripts $base/lib/mypkg --single-version-externally-managed
[0.601s] running egg_info
[0.601s] writing build/mypkg/mypkg.egg-info/PKG-INFO
[0.602s] writing dependency_links to build/mypkg/mypkg.egg-info/dependency_links.txt
[0.602s] writing entry points to build/mypkg/mypkg.egg-info/entry_points.txt
[0.602s] writing requirements to build/mypkg/mypkg.egg-info/requires.txt
[0.602s] writing top-level names to build/mypkg/mypkg.egg-info/top_level.txt
[0.621s] reading manifest file 'build/mypkg/mypkg.egg-info/SOURCES.txt'
[0.621s] writing manifest file 'build/mypkg/mypkg.egg-info/SOURCES.txt'
[0.621s] running build
[0.621s] running build_py
[0.621s] running install
[0.622s] running install_lib
[0.622s] running install_data
[0.623s] running install_egg_info
[0.624s] removing '/home/erisu/ros2_ws/src/mypkg/install/mypkg/lib/python3.8/site-packages/mypkg-0.0.0-py3.8.egg-info' (and everything under it)
[0.624s] Copying build/mypkg/mypkg.egg-info to /home/erisu/ros2_ws/src/mypkg/install/mypkg/lib/python3.8/site-packages/mypkg-0.0.0-py3.8.egg-info
[0.624s] running install_scripts
[0.636s] Installing listener script to /home/erisu/ros2_ws/src/mypkg/install/mypkg/lib/mypkg
[0.636s] Installing talker script to /home/erisu/ros2_ws/src/mypkg/install/mypkg/lib/mypkg
[0.636s] writing list of installed files to '/home/erisu/ros2_ws/src/mypkg/build/mypkg/install.log'
[0.650s] Invoked command in '/home/erisu/ros2_ws/src/mypkg' returned '0': PYTHONPATH=/home/erisu/ros2_ws/src/mypkg/build/mypkg/prefix_override:/home/erisu/ros2_ws/src/mypkg/install/mypkg/lib/python3.8/site-packages:${PYTHONPATH} /usr/bin/python3 setup.py egg_info --egg-base build/mypkg build --build-base /home/erisu/ros2_ws/src/mypkg/build/mypkg/build install --record /home/erisu/ros2_ws/src/mypkg/build/mypkg/install.log --install-scripts $base/lib/mypkg --single-version-externally-managed
