[1.434s] Invoking command in '/home/erisu/ros2_ws/src/mypkg': PYTHONPATH=/home/erisu/ros2_ws/src/mypkg/build/mypkg/prefix_override:/home/erisu/ros2_ws/src/mypkg/install/mypkg/lib/python3.8/site-packages:${PYTHONPATH} /usr/bin/python3 setup.py egg_info --egg-base build/mypkg build --build-base /home/erisu/ros2_ws/src/mypkg/build/mypkg/build install --record /home/erisu/ros2_ws/src/mypkg/build/mypkg/install.log --install-scripts $base/lib/mypkg --single-version-externally-managed
[1.746s] running egg_info
[1.747s] writing build/mypkg/mypkg.egg-info/PKG-INFO
[1.748s] writing dependency_links to build/mypkg/mypkg.egg-info/dependency_links.txt
[1.748s] writing entry points to build/mypkg/mypkg.egg-info/entry_points.txt
[1.749s] writing requirements to build/mypkg/mypkg.egg-info/requires.txt
[1.750s] writing top-level names to build/mypkg/mypkg.egg-info/top_level.txt
[1.805s] reading manifest file 'build/mypkg/mypkg.egg-info/SOURCES.txt'
[1.807s] writing manifest file 'build/mypkg/mypkg.egg-info/SOURCES.txt'
[1.807s] running build
[1.807s] running build_py
[1.808s] running install
[1.809s] running install_lib
[1.811s] running install_data
[1.812s] running install_egg_info
[1.815s] removing '/home/erisu/ros2_ws/src/mypkg/install/mypkg/lib/python3.8/site-packages/mypkg-0.0.0-py3.8.egg-info' (and everything under it)
[1.815s] Copying build/mypkg/mypkg.egg-info to /home/erisu/ros2_ws/src/mypkg/install/mypkg/lib/python3.8/site-packages/mypkg-0.0.0-py3.8.egg-info
[1.816s] running install_scripts
[1.846s] Installing listener script to /home/erisu/ros2_ws/src/mypkg/install/mypkg/lib/mypkg
[1.846s] Installing talker script to /home/erisu/ros2_ws/src/mypkg/install/mypkg/lib/mypkg
[1.848s] writing list of installed files to '/home/erisu/ros2_ws/src/mypkg/build/mypkg/install.log'
[1.880s] Invoked command in '/home/erisu/ros2_ws/src/mypkg' returned '0': PYTHONPATH=/home/erisu/ros2_ws/src/mypkg/build/mypkg/prefix_override:/home/erisu/ros2_ws/src/mypkg/install/mypkg/lib/python3.8/site-packages:${PYTHONPATH} /usr/bin/python3 setup.py egg_info --egg-base build/mypkg build --build-base /home/erisu/ros2_ws/src/mypkg/build/mypkg/build install --record /home/erisu/ros2_ws/src/mypkg/build/mypkg/install.log --install-scripts $base/lib/mypkg --single-version-externally-managed
